<?xml version="1.0" encoding="UTF-8"?>
<!-- Generated by org.testng.reporters.JUnitReportReporter -->
<testsuite hostname="dell-inspiron-5559" failures="0" tests="3" name="PSSTestRunner.PSSTestRunner" time="5.175" errors="0" timestamp="02 Oct 2022 15:38:22 GMT" skipped="0">
  <testcase classname="PSSTestRunner.PSSTestRunner" name="LogInToThePSSAdmin" time="3.845"/>
  <testcase classname="PSSTestRunner.PSSTestRunner" name="ClickOnToogleMenu" time="0.640"/>
  <testcase classname="PSSTestRunner.PSSTestRunner" name="ClickOnRole" time="0.690"/>
</testsuite> <!-- PSSTestRunner.PSSTestRunner -->
