<?xml version="1.0" encoding="UTF-8"?>
<!-- Generated by org.testng.reporters.JUnitReportReporter -->
<testsuite hostname="dell-inspiron-5559" failures="0" tests="2" name="TestRunner.TestRunner" time="2.864" errors="0" timestamp="28 Oct 2022 18:48:55 GMT" skipped="1">
  <testcase classname="TestRunner.TestRunner" name="goToElementsWindow_FileUpload" time="2.864"/>
  <testcase classname="TestRunner.TestRunner" name="goToInteractionsWindow">
    <skipped/>
  </testcase> <!-- goToInteractionsWindow -->
</testsuite> <!-- TestRunner.TestRunner -->
