<?xml version="1.0" encoding="UTF-8"?>
<!-- Generated by org.testng.reporters.JUnitReportReporter -->
<testsuite hostname="dell-inspiron-5559" failures="0" tests="1" name="TestRunner.TestRunner" time="2.621" errors="0" timestamp="10 Oct 2022 15:18:22 GMT" skipped="0">
  <testcase classname="TestRunner.TestRunner" name="goToFramesAndWindowsScreen" time="2.621"/>
</testsuite> <!-- TestRunner.TestRunner -->
