<?xml version="1.0" encoding="UTF-8"?>
<!-- Generated by org.testng.reporters.JUnitReportReporter -->
<testsuite hostname="dell-inspiron-5559" failures="0" tests="1" name="TestRunner.TestRunner" time="0.399" errors="0" timestamp="09 Oct 2022 16:23:42 GMT" skipped="0">
  <testcase classname="TestRunner.TestRunner" name="goToFramesAndWindowsScreen" time="0.399"/>
</testsuite> <!-- TestRunner.TestRunner -->
