<?xml version="1.0" encoding="UTF-8"?>
<!-- Generated by org.testng.reporters.JUnitReportReporter -->
<testsuite hostname="dell-inspiron-5559" failures="0" tests="1" name="TestRunner.TestRunner" time="2.693" errors="0" timestamp="12 Oct 2022 17:41:25 GMT" skipped="0">
  <testcase classname="TestRunner.TestRunner" name="goToInteractionsWindow" time="2.693"/>
</testsuite> <!-- TestRunner.TestRunner -->
